<?xml version="1.0" encoding="UTF-8" ?>
<testsuite failures="0" time="4.593" errors="0" skipped="0" tests="33" name="com.gdn.venice.facade.processor.VenOrderItemMergeProcessorTest">
  <properties>
    <property name="java.runtime.name" value="Java(TM) SE Runtime Environment"/>
    <property name="sun.boot.library.path" value="/usr/java/jdk1.6.0_19/jre/lib/amd64"/>
    <property name="java.vm.version" value="16.2-b04"/>
    <property name="java.vm.vendor" value="Sun Microsystems Inc."/>
    <property name="java.vendor.url" value="http://java.sun.com/"/>
    <property name="path.separator" value=":"/>
    <property name="guice.disable.misplaced.annotation.check" value="true"/>
    <property name="java.vm.name" value="Java HotSpot(TM) 64-Bit Server VM"/>
    <property name="file.encoding.pkg" value="sun.io"/>
    <property name="user.country" value="US"/>
    <property name="sun.java.launcher" value="SUN_STANDARD"/>
    <property name="sun.os.patch.level" value="unknown"/>
    <property name="java.vm.specification.name" value="Java Virtual Machine Specification"/>
    <property name="user.dir" value="/home/software/refactor/Venice"/>
    <property name="java.runtime.version" value="1.6.0_19-b04"/>
    <property name="java.awt.graphicsenv" value="sun.awt.X11GraphicsEnvironment"/>
    <property name="java.endorsed.dirs" value="/usr/java/jdk1.6.0_19/jre/lib/endorsed"/>
    <property name="os.arch" value="amd64"/>
    <property name="java.io.tmpdir" value="/tmp"/>
    <property name="line.separator" value="
"/>
    <property name="java.vm.specification.vendor" value="Sun Microsystems Inc."/>
    <property name="os.name" value="Linux"/>
    <property name="classworlds.conf" value="/home/software/refactor/.metadata/.plugins/org.eclipse.m2e.launching/launches/m2conf6705151842957932826.tmp"/>
    <property name="sun.jnu.encoding" value="UTF-8"/>
    <property name="java.library.path" value="/usr/java/jdk1.6.0_19/jre/lib/amd64/server:/usr/java/jdk1.6.0_19/jre/lib/amd64:/usr/java/jdk1.6.0_19/jre/../lib/amd64:/usr/java/packages/lib/amd64:/usr/lib64:/lib64:/lib:/usr/lib"/>
    <property name="java.specification.name" value="Java Platform API Specification"/>
    <property name="java.class.version" value="50.0"/>
    <property name="sun.management.compiler" value="HotSpot 64-Bit Server Compiler"/>
    <property name="os.version" value="2.6.18-164.el5"/>
    <property name="user.home" value="/root"/>
    <property name="user.timezone" value="Asia/Jakarta"/>
    <property name="java.awt.printerjob" value="sun.print.PSPrinterJob"/>
    <property name="file.encoding" value="UTF-8"/>
    <property name="java.specification.version" value="1.6"/>
    <property name="user.name" value="root"/>
    <property name="java.class.path" value="/home/software/springsource/sts-3.3.0.RELEASE/configuration/org.eclipse.osgi/bundles/569/1/.cp/jars/plexus-classworlds-2.4.jar"/>
    <property name="java.vm.specification.version" value="1.0"/>
    <property name="sun.arch.data.model" value="64"/>
    <property name="java.home" value="/usr/java/jdk1.6.0_19/jre"/>
    <property name="java.specification.vendor" value="Sun Microsystems Inc."/>
    <property name="user.language" value="en"/>
    <property name="java.vm.info" value="mixed mode"/>
    <property name="java.version" value="1.6.0_19"/>
    <property name="java.ext.dirs" value="/usr/java/jdk1.6.0_19/jre/lib/ext:/usr/java/packages/lib/ext"/>
    <property name="securerandom.source" value="file:/dev/./urandom"/>
    <property name="sun.boot.class.path" value="/usr/java/jdk1.6.0_19/jre/lib/resources.jar:/usr/java/jdk1.6.0_19/jre/lib/rt.jar:/usr/java/jdk1.6.0_19/jre/lib/sunrsasign.jar:/usr/java/jdk1.6.0_19/jre/lib/jsse.jar:/usr/java/jdk1.6.0_19/jre/lib/jce.jar:/usr/java/jdk1.6.0_19/jre/lib/charsets.jar:/usr/java/jdk1.6.0_19/jre/classes"/>
    <property name="java.vendor" value="Sun Microsystems Inc."/>
    <property name="maven.home" value="/home/software/refactor/Venice/EMBEDDED"/>
    <property name="file.separator" value="/"/>
    <property name="java.vendor.url.bug" value="http://java.sun.com/cgi-bin/bugreport.cgi"/>
    <property name="maven.bootclasspath" value="/home/software/springsource/sts-3.3.0.RELEASE/configuration/org.eclipse.osgi/bundles/569/1/.cp/jars/plexus-classworlds-2.4.jar"/>
    <property name="sun.cpu.endian" value="little"/>
    <property name="sun.io.unicode.encoding" value="UnicodeLittle"/>
    <property name="sun.desktop" value="gnome"/>
    <property name="sun.cpu.isalist" value=""/>
  </properties>
  <testcase time="1.537" classname="com.gdn.venice.facade.processor.VenOrderItemMergeProcessorTest" name="preMerge_orderItemStatusChangeFromEStoES_DOESNOTPublishUpdateOrderItemStatusMessage"/>
  <testcase time="0" classname="com.gdn.venice.facade.processor.VenOrderItemMergeProcessorTest" name="preMerge_orderItemStatusChangeFromEStoES_DOESNOTAddOrderItemStatusHistory"/>
  <testcase time="0.002" classname="com.gdn.venice.facade.processor.VenOrderItemMergeProcessorTest" name="preMerge_orderItemStatusChangeFromEStoES_DOESNOTAddDummyLogAirwayBill"/>
  <testcase time="0.002" classname="com.gdn.venice.facade.processor.VenOrderItemMergeProcessorTest" name="preMerge_orderItemStatusChangeFromCtoFP_DOESNOTPublishUpdateOrderItemStatusMessage"/>
  <testcase time="0.001" classname="com.gdn.venice.facade.processor.VenOrderItemMergeProcessorTest" name="preMerge_orderItemStatusChangeFromCtoFP_DOESNOTAddOrderItemStatusHistory"/>
  <testcase time="0" classname="com.gdn.venice.facade.processor.VenOrderItemMergeProcessorTest" name="preMerge_orderItemStatusChangeFromCtoFP_addDummyLogAirwayBill"/>
  <testcase time="0" classname="com.gdn.venice.facade.processor.VenOrderItemMergeProcessorTest" name="preMerge_orderItemStatusChangeFromPUtoES_publishUpdateOrderItemStatusMessage"/>
  <testcase time="0" classname="com.gdn.venice.facade.processor.VenOrderItemMergeProcessorTest" name="preMerge_orderItemStatusChangeFromPUtoES_addOrderItemStatusHistory"/>
  <testcase time="0" classname="com.gdn.venice.facade.processor.VenOrderItemMergeProcessorTest" name="preMerge_orderItemStatusChangeFromPUtoES_DOESNOTAddDummyLogAirwayBill"/>
  <testcase time="0" classname="com.gdn.venice.facade.processor.VenOrderItemMergeProcessorTest" name="preMerge_orderItemStatusChangeFromEStoPP_publishUpdateOrderItemStatusMessage"/>
  <testcase time="0" classname="com.gdn.venice.facade.processor.VenOrderItemMergeProcessorTest" name="preMerge_orderItemStatusChangeFromEStoPP_addOrderItemStatusHistory"/>
  <testcase time="0" classname="com.gdn.venice.facade.processor.VenOrderItemMergeProcessorTest" name="preMerge_orderItemStatusChangeFromEStoPP_DOESNOTAddDummyLogAirwayBill"/>
  <testcase time="0" classname="com.gdn.venice.facade.processor.VenOrderItemMergeProcessorTest" name="preMerge_orderItemStatusChangeFromEStoCX_publishUpdateOrderItemStatusMessage"/>
  <testcase time="0" classname="com.gdn.venice.facade.processor.VenOrderItemMergeProcessorTest" name="preMerge_orderItemStatusChangeFromEStoCX_addOrderItemStatusHistory"/>
  <testcase time="0" classname="com.gdn.venice.facade.processor.VenOrderItemMergeProcessorTest" name="preMerge_orderItemStatusChangeFromEStoCX_DOESNOTAddDummyLogAirwayBill"/>
  <testcase time="0" classname="com.gdn.venice.facade.processor.VenOrderItemMergeProcessorTest" name="preMerge_orderItemStatusChangeFromPPtoCX_publishUpdateOrderItemStatusMessage"/>
  <testcase time="0" classname="com.gdn.venice.facade.processor.VenOrderItemMergeProcessorTest" name="preMerge_orderItemStatusChangeFromPPtoCX_addOrderItemStatusHistory"/>
  <testcase time="0" classname="com.gdn.venice.facade.processor.VenOrderItemMergeProcessorTest" name="preMerge_orderItemStatusChangeFromPPtoCX_DOESNOTAddDummyLogAirwayBill"/>
  <testcase time="0" classname="com.gdn.venice.facade.processor.VenOrderItemMergeProcessorTest" name="preMerge_orderItemStatusChangeFromEStoRT_publishUpdateOrderItemStatusMessage"/>
  <testcase time="0" classname="com.gdn.venice.facade.processor.VenOrderItemMergeProcessorTest" name="preMerge_orderItemStatusChangeFromEStoRT_addOrderItemStatusHistory"/>
  <testcase time="0" classname="com.gdn.venice.facade.processor.VenOrderItemMergeProcessorTest" name="preMerge_orderItemStatusChangeFromEStoRT_DOESNOTAddDummyLogAirwayBill"/>
  <testcase time="0" classname="com.gdn.venice.facade.processor.VenOrderItemMergeProcessorTest" name="preMerge_orderItemStatusChangeFromEStoD_publishUpdateOrderItemStatusMessage"/>
  <testcase time="0" classname="com.gdn.venice.facade.processor.VenOrderItemMergeProcessorTest" name="preMerge_orderItemStatusChangeFromEStoD_addOrderItemStatusHistory"/>
  <testcase time="0" classname="com.gdn.venice.facade.processor.VenOrderItemMergeProcessorTest" name="preMerge_orderItemStatusChangeFromEStoD_DOESNOTAddDummyLogAirwayBill"/>
  <testcase time="0" classname="com.gdn.venice.facade.processor.VenOrderItemMergeProcessorTest" name="preMerge_orderItemStatusChangeFromCXtoD_publishUpdateOrderItemStatusMessage"/>
  <testcase time="0" classname="com.gdn.venice.facade.processor.VenOrderItemMergeProcessorTest" name="preMerge_orderItemStatusChangeFromCXtoD_addOrderItemStatusHistory"/>
  <testcase time="0.001" classname="com.gdn.venice.facade.processor.VenOrderItemMergeProcessorTest" name="preMerge_orderItemStatusChangeFromCXtoD_DOESNOTAddDummyLogAirwayBill"/>
  <testcase time="0" classname="com.gdn.venice.facade.processor.VenOrderItemMergeProcessorTest" name="preMerge_orderItemStatusChangeFromPFtoFP_publishUpdateOrderItemStatusMessage"/>
  <testcase time="0" classname="com.gdn.venice.facade.processor.VenOrderItemMergeProcessorTest" name="preMerge_orderItemStatusChangeFromPFtoFP_DOESNOTAddOrderItemStatusHistory"/>
  <testcase time="0" classname="com.gdn.venice.facade.processor.VenOrderItemMergeProcessorTest" name="preMerge_orderItemStatusChangeFromPFtoFP_DOESNOTAddDummyLogAirwayBill"/>
  <testcase time="0" classname="com.gdn.venice.facade.processor.VenOrderItemMergeProcessorTest" name="preMerge_orderItemStatusChangeFromFPtoX_DOESNOTPublishUpdateOrderItemStatusMessage"/>
  <testcase time="0" classname="com.gdn.venice.facade.processor.VenOrderItemMergeProcessorTest" name="preMerge_orderItemStatusChangeFromFPtoX_addOrderItemStatusHistory"/>
  <testcase time="0" classname="com.gdn.venice.facade.processor.VenOrderItemMergeProcessorTest" name="preMerge_orderItemStatusChangeFromFPtoX_DOESNOTAddDummyLogAirwayBill"/>
</testsuite>